[I 11:06:03.507 NotebookApp] Writing notebook server cookie secret to /home/ubuntu/.local/share/jupyter/runtime/notebook_cookie_secret
[I 11:06:03.769 NotebookApp] Serving notebooks from local directory: /home/ubuntu/project
[I 11:06:03.769 NotebookApp] Jupyter Notebook 6.5.4 is running at:
[I 11:06:03.769 NotebookApp] http://localhost:8888/
[I 11:06:03.769 NotebookApp] Use Control-C to stop this server and shut down all kernels (twice to skip confirmation).
[I 11:06:14.367 NotebookApp] 302 GET / (127.0.0.1) 1.130000ms
[I 11:06:14.402 NotebookApp] 302 GET /tree? (127.0.0.1) 1.390000ms
[W 11:06:17.526 NotebookApp] Not allowing login redirect to '/tree?'
[I 11:06:17.527 NotebookApp] 302 POST /login?next=%2Ftree%3F (127.0.0.1) 75.840000ms
[I 11:06:17.559 NotebookApp] 302 GET / (127.0.0.1) 0.650000ms
[I 11:06:27.268 NotebookApp] Writing notebook-signing key to /home/ubuntu/.local/share/jupyter/notebook_secret
[W 11:06:27.282 NotebookApp] Notebook BCW_Exploratory_Data_Analysis_Part 1.ipynb is not trusted
[W 11:06:27.324 NotebookApp] 404 GET /nbextensions/widgets/notebook/js/extension.js?v=20230630110603 (127.0.0.1) 8.490000ms referer=http://localhost:8888/notebooks/BCW_Exploratory_Data_Analysis_Part%201.ipynb
[I 11:06:30.893 NotebookApp] Kernel started: 0d7b66a6-df46-4729-b648-3be3113dda05, name: python3
[I 11:08:16.963 NotebookApp] Starting buffering for 0d7b66a6-df46-4729-b648-3be3113dda05:fcb7b0e0999549299d72498f2dbbb80f
[W 11:08:19.423 NotebookApp] Notebook BCW_Exploratory_Data_Analysis_Part 1.ipynb is not trusted
[W 11:08:19.457 NotebookApp] 404 GET /nbextensions/widgets/notebook/js/extension.js?v=20230630110603 (127.0.0.1) 2.690000ms referer=http://localhost:8888/notebooks/BCW_Exploratory_Data_Analysis_Part%201.ipynb
[I 11:08:27.562 NotebookApp] Kernel interrupted: 0d7b66a6-df46-4729-b648-3be3113dda05
[I 11:08:36.446 NotebookApp] Starting buffering for 0d7b66a6-df46-4729-b648-3be3113dda05:0103d56a73e54825a994016191509009
[I 11:08:38.906 NotebookApp] Creating new notebook in 
[W 11:08:39.821 NotebookApp] 404 GET /nbextensions/widgets/notebook/js/extension.js?v=20230630110603 (127.0.0.1) 1.950000ms referer=http://localhost:8888/notebooks/Untitled.ipynb?kernel_name=breast
[I 11:08:39.882 NotebookApp] Kernel started: 4a58b97f-56fe-4623-aa36-09ad92353903, name: breast
[W 11:08:45.142 NotebookApp] Notebook BCW_Exploratory_Data_Analysis_Part 1.ipynb is not trusted
[W 11:08:47.044 NotebookApp] 404 GET /nbextensions/widgets/notebook/js/extension.js?v=20230630110603 (127.0.0.1) 1.880000ms referer=http://localhost:8888/notebooks/BCW_Exploratory_Data_Analysis_Part%201.ipynb
[I 11:08:57.471 NotebookApp] Starting buffering for 4a58b97f-56fe-4623-aa36-09ad92353903:7c2deeb973f247e18907c1a500b69f5d
[I 11:09:02.160 NotebookApp] Starting buffering for 0d7b66a6-df46-4729-b648-3be3113dda05:73a0be15f853466f83d40e5e5eea8938
[I 11:09:02.165 NotebookApp] Kernel shutdown: 0d7b66a6-df46-4729-b648-3be3113dda05
[I 11:09:02.741 NotebookApp] Kernel started: 589bca53-9404-42bd-9abb-a9ccfa60581c, name: breast
[I 11:10:51.178 NotebookApp] Saving file at /BCW_Exploratory_Data_Analysis_Part 1.ipynb
[W 11:10:51.180 NotebookApp] Notebook BCW_Exploratory_Data_Analysis_Part 1.ipynb is not trusted
[I 11:12:52.213 NotebookApp] Saving file at /BCW_Exploratory_Data_Analysis_Part 1.ipynb
[W 11:12:52.214 NotebookApp] Notebook BCW_Exploratory_Data_Analysis_Part 1.ipynb is not trusted
[I 11:14:52.481 NotebookApp] Saving file at /BCW_Exploratory_Data_Analysis_Part 1.ipynb
[W 11:14:52.482 NotebookApp] Notebook BCW_Exploratory_Data_Analysis_Part 1.ipynb is not trusted
[I 11:16:54.691 NotebookApp] Saving file at /BCW_Exploratory_Data_Analysis_Part 1.ipynb
[W 11:16:54.692 NotebookApp] Notebook BCW_Exploratory_Data_Analysis_Part 1.ipynb is not trusted
[I 11:18:54.520 NotebookApp] Saving file at /BCW_Exploratory_Data_Analysis_Part 1.ipynb
[W 11:18:54.521 NotebookApp] Notebook BCW_Exploratory_Data_Analysis_Part 1.ipynb is not trusted
[I 11:20:55.621 NotebookApp] Saving file at /BCW_Exploratory_Data_Analysis_Part 1.ipynb
[W 11:20:55.622 NotebookApp] Notebook BCW_Exploratory_Data_Analysis_Part 1.ipynb is not trusted
[I 11:22:55.012 NotebookApp] Saving file at /BCW_Exploratory_Data_Analysis_Part 1.ipynb
[I 11:22:55.297 NotebookApp] Kernel shutdown: 4a58b97f-56fe-4623-aa36-09ad92353903
[W 11:22:55.613 NotebookApp] delete /Untitled.ipynb
[W 11:22:57.683 NotebookApp] Notebook BCW_Feature_Selection_Part 2.ipynb is not trusted
[W 11:22:57.955 NotebookApp] 404 GET /nbextensions/widgets/notebook/js/extension.js?v=20230630110603 (127.0.0.1) 2.080000ms referer=http://localhost:8888/notebooks/BCW_Feature_Selection_Part%202.ipynb
[I 11:22:59.152 NotebookApp] Kernel started: 11fa9d0c-cc38-4354-b053-d00662ea78c1, name: python3
[I 11:23:00.469 NotebookApp] Starting buffering for 589bca53-9404-42bd-9abb-a9ccfa60581c:73a0be15f853466f83d40e5e5eea8938
[I 11:23:11.885 NotebookApp] Starting buffering for 11fa9d0c-cc38-4354-b053-d00662ea78c1:1b13d7e9c52447ba8b6594425ce54962
[I 11:23:11.887 NotebookApp] Kernel shutdown: 11fa9d0c-cc38-4354-b053-d00662ea78c1
[I 11:23:12.276 NotebookApp] Kernel started: 6a85d65d-6307-4637-9ae8-df95955d535b, name: breast
[I 11:25:00.180 NotebookApp] Saving file at /BCW_Feature_Selection_Part 2.ipynb
[W 11:25:00.182 NotebookApp] Notebook BCW_Feature_Selection_Part 2.ipynb is not trusted
[I 11:26:59.944 NotebookApp] Saving file at /BCW_Feature_Selection_Part 2.ipynb
[W 11:26:59.946 NotebookApp] Notebook BCW_Feature_Selection_Part 2.ipynb is not trusted
[I 11:29:00.473 NotebookApp] Saving file at /BCW_Feature_Selection_Part 2.ipynb
[W 11:29:00.474 NotebookApp] Notebook BCW_Feature_Selection_Part 2.ipynb is not trusted
[I 11:31:00.477 NotebookApp] Saving file at /BCW_Feature_Selection_Part 2.ipynb
[W 11:31:00.478 NotebookApp] Notebook BCW_Feature_Selection_Part 2.ipynb is not trusted
[W 11:32:11.642 NotebookApp] Notebook BCW_Model_Building_Evaluation_Part3.ipynb is not trusted
[W 11:32:11.959 NotebookApp] 404 GET /nbextensions/widgets/notebook/js/extension.js?v=20230630110603 (127.0.0.1) 2.030000ms referer=http://localhost:8888/notebooks/BCW_Model_Building_Evaluation_Part3.ipynb
[I 11:32:12.793 NotebookApp] Kernel started: 26a6cad6-e71c-41bf-99ca-836353833dca, name: python3
[I 11:32:15.471 NotebookApp] Saving file at /BCW_Feature_Selection_Part 2.ipynb
[I 11:32:21.781 NotebookApp] Saving file at /BCW_Feature_Selection_Part 2.ipynb
[I 11:32:25.898 NotebookApp] Starting buffering for 6a85d65d-6307-4637-9ae8-df95955d535b:1b13d7e9c52447ba8b6594425ce54962
[I 11:33:32.432 NotebookApp] Starting buffering for 26a6cad6-e71c-41bf-99ca-836353833dca:ec2f50734daa464ea294c37a3afaeba5
[I 11:33:32.436 NotebookApp] Kernel shutdown: 26a6cad6-e71c-41bf-99ca-836353833dca
[I 11:33:33.230 NotebookApp] Kernel started: e2b76458-9dae-4241-8e0a-4c823903ceec, name: breast
[I 11:34:14.382 NotebookApp] Saving file at /BCW_Model_Building_Evaluation_Part3.ipynb
[W 11:34:14.383 NotebookApp] Notebook BCW_Model_Building_Evaluation_Part3.ipynb is not trusted
[I 11:36:13.589 NotebookApp] Saving file at /BCW_Model_Building_Evaluation_Part3.ipynb
[W 11:36:13.590 NotebookApp] Notebook BCW_Model_Building_Evaluation_Part3.ipynb is not trusted
[I 11:38:13.481 NotebookApp] Saving file at /BCW_Model_Building_Evaluation_Part3.ipynb
[W 11:38:13.482 NotebookApp] Notebook BCW_Model_Building_Evaluation_Part3.ipynb is not trusted
[I 11:40:13.897 NotebookApp] Saving file at /BCW_Model_Building_Evaluation_Part3.ipynb
[W 11:40:13.898 NotebookApp] Notebook BCW_Model_Building_Evaluation_Part3.ipynb is not trusted
